<?xml version="1.0" encoding="UTF-8"?>
<testsuites>
  <testsuite name="HPID_Parameter_Features" timestamp="2018-07-18T15:16:13" time="0.042" tests="12" failures="0" errors="0" skipped="12">
    <properties>
      <property name="specId" value="feeb42808a196fd4fccb85ae411c9002"/>
      <property name="suiteName" value="HPID Parameter Features"/>
      <property name="capabilities" value="chrome"/>
      <property name="file" value=".\specs\param-fts.js"/>
    </properties>
    <testcase classname="chrome.HPID_Parameter_Features" name="should_display_create_account_page_and_client_name_using_target_create_param" time="0.001">
      <skipped/>
    </testcase>
    <testcase classname="chrome.HPID_Parameter_Features" name="should_fill_email_field_using_email_target_on_create_account_page" time="0.001">
      <skipped/>
    </testcase>
    <testcase classname="chrome.HPID_Parameter_Features" name="should_display_username_page_after_using_email_param_without_target_create" time="0">
      <skipped/>
    </testcase>
    <testcase classname="chrome.HPID_Parameter_Features" name="should_pre_populate_first_name_last_name_and_email_fields_on_create_account_page" time="0">
      <skipped/>
    </testcase>
    <testcase classname="chrome.HPID_Parameter_Features" name="should_display_create_account_page_with_not_now_link_via_allow_return_param_that_redirects_app_with_error" time="0">
      <skipped/>
    </testcase>
    <testcase classname="chrome.HPID_Parameter_Features" name="should_display_password_page_using_target_password_and_login_hint_user_with_cursor_in_password_field" time="0">
      <skipped/>
    </testcase>
    <testcase classname="chrome.HPID_Parameter_Features" name="should_display_username_page_after_solely_using_target_password_with_cursor_in_username_field" time="0">
      <skipped/>
    </testcase>
    <testcase classname="chrome.HPID_Parameter_Features" name="should_display_username_page_after_using_an_invalid_target_with_cursor_in_username_field" time="0.001">
      <skipped/>
    </testcase>
    <testcase classname="chrome.HPID_Parameter_Features" name="should_display_recover_your_creds_page_with_password_radio_button_pre_selected_and_cursor_in_username_field" time="0">
      <skipped/>
    </testcase>
    <testcase classname="chrome.HPID_Parameter_Features" name="should_display_sign_in_page_relative_to_allow_return_target_password_and_login_hint_parameters_with_cursor_in_password_field" time="0">
      <skipped/>
    </testcase>
    <testcase classname="chrome.HPID_Parameter_Features" name="should_display_sign_in_page_with_a_back_link_and_when_navigating_to_password_page_can_tap_back_to_go_to_sign_in_page" time="0">
      <skipped/>
    </testcase>
    <testcase classname="chrome.HPID_Parameter_Features" name="Skipped_test" time="0">
      <skipped/>
    </testcase>
  </testsuite>
  <testsuite name="HPID_Omen_Theme" timestamp="2018-07-18T15:16:13" time="25.481" tests="8" failures="0" errors="0" skipped="0">
    <properties>
      <property name="specId" value="feeb42808a196fd4fccb85ae411c9002"/>
      <property name="suiteName" value="HPID Omen Theme"/>
      <property name="capabilities" value="chrome"/>
      <property name="file" value=".\specs\param-fts.js"/>
    </properties>
    <testcase classname="chrome.HPID_Omen_Theme" name="should_display_omen_colors_in_multiple_accounts_page" time="7.732"/>
    <testcase classname="chrome.HPID_Omen_Theme" name="should_display_sign_in_page_with_omen_colors" time="1.081"/>
    <testcase classname="chrome.HPID_Omen_Theme" name="should_display_preferred_language_list_with_omen_colors_via_sign_in_page" time="0.658"/>
    <testcase classname="chrome.HPID_Omen_Theme" name="should_display_omen_colors_in_forgot_credentials" time="0.6"/>
    <testcase classname="chrome.HPID_Omen_Theme" name="should_display_sign_up_page_with_omen_colors" time="1.923"/>
    <testcase classname="chrome.HPID_Omen_Theme" name="should_display_preferred_language_list_with_omen_colors_via_sign_up_page" time="0.922"/>
    <testcase classname="chrome.HPID_Omen_Theme" name="should_display_terms_of_use_page_with_omen_colors_via_sign_up_page" time="0.634"/>
    <testcase classname="chrome.HPID_Omen_Theme" name="should_display_verify_email_page_with_omen_colors" time="11.928"/>
  </testsuite>
</testsuites>